 INFO [org.apache.wicket.Application] [WicketTesterApplication-82d06417-8864-46f3-9a71-d19dc5399d25] init: Wicket extensions initializer
 INFO [org.apache.wicket.Application] [WicketTesterApplication-82d06417-8864-46f3-9a71-d19dc5399d25] init: Wicket core library initializer
 INFO [org.apache.wicket.RequestListenerInterface] registered listener interface [RequestListenerInterface name=IBehaviorListener, method=public abstract void org.apache.wicket.behavior.IBehaviorListener.onRequest()]
 INFO [org.apache.wicket.RequestListenerInterface] registered listener interface [RequestListenerInterface name=IBehaviorListener, method=public abstract void org.apache.wicket.behavior.IBehaviorListener.onRequest()]
 INFO [org.apache.wicket.RequestListenerInterface] registered listener interface [RequestListenerInterface name=IFormSubmitListener, method=public abstract void org.apache.wicket.markup.html.form.IFormSubmitListener.onFormSubmitted()]
 INFO [org.apache.wicket.RequestListenerInterface] registered listener interface [RequestListenerInterface name=IFormSubmitListener, method=public abstract void org.apache.wicket.markup.html.form.IFormSubmitListener.onFormSubmitted()]
 INFO [org.apache.wicket.RequestListenerInterface] registered listener interface [RequestListenerInterface name=ILinkListener, method=public abstract void org.apache.wicket.markup.html.link.ILinkListener.onLinkClicked()]
 INFO [org.apache.wicket.RequestListenerInterface] registered listener interface [RequestListenerInterface name=ILinkListener, method=public abstract void org.apache.wicket.markup.html.link.ILinkListener.onLinkClicked()]
 INFO [org.apache.wicket.RequestListenerInterface] registered listener interface [RequestListenerInterface name=IOnChangeListener, method=public abstract void org.apache.wicket.markup.html.form.IOnChangeListener.onSelectionChanged()]
 INFO [org.apache.wicket.RequestListenerInterface] registered listener interface [RequestListenerInterface name=IOnChangeListener, method=public abstract void org.apache.wicket.markup.html.form.IOnChangeListener.onSelectionChanged()]
 INFO [org.apache.wicket.RequestListenerInterface] registered listener interface [RequestListenerInterface name=IRedirectListener, method=public abstract void org.apache.wicket.IRedirectListener.onRedirect()]
 INFO [org.apache.wicket.RequestListenerInterface] registered listener interface [RequestListenerInterface name=IRedirectListener, method=public abstract void org.apache.wicket.IRedirectListener.onRedirect()]
 INFO [org.apache.wicket.RequestListenerInterface] registered listener interface [RequestListenerInterface name=IResourceListener, method=public abstract void org.apache.wicket.IResourceListener.onResourceRequested()]
 INFO [org.apache.wicket.RequestListenerInterface] registered listener interface [RequestListenerInterface name=IResourceListener, method=public abstract void org.apache.wicket.IResourceListener.onResourceRequested()]
 INFO [org.apache.wicket.Application] [WicketTesterApplication-229a0826-3ea3-4896-b232-2ec511056f6f] init: Wicket extensions initializer
 INFO [org.apache.wicket.Application] [WicketTesterApplication-229a0826-3ea3-4896-b232-2ec511056f6f] init: Wicket core library initializer
 INFO [org.apache.wicket.RequestListenerInterface] registered listener interface [RequestListenerInterface name=IBehaviorListener, method=public abstract void org.apache.wicket.behavior.IBehaviorListener.onRequest()]
 INFO [org.apache.wicket.RequestListenerInterface] registered listener interface [RequestListenerInterface name=IFormSubmitListener, method=public abstract void org.apache.wicket.markup.html.form.IFormSubmitListener.onFormSubmitted()]
 INFO [org.apache.wicket.RequestListenerInterface] registered listener interface [RequestListenerInterface name=ILinkListener, method=public abstract void org.apache.wicket.markup.html.link.ILinkListener.onLinkClicked()]
 INFO [org.apache.wicket.RequestListenerInterface] registered listener interface [RequestListenerInterface name=IOnChangeListener, method=public abstract void org.apache.wicket.markup.html.form.IOnChangeListener.onSelectionChanged()]
 INFO [org.apache.wicket.RequestListenerInterface] registered listener interface [RequestListenerInterface name=IRedirectListener, method=public abstract void org.apache.wicket.IRedirectListener.onRedirect()]
 INFO [org.apache.wicket.RequestListenerInterface] registered listener interface [RequestListenerInterface name=IResourceListener, method=public abstract void org.apache.wicket.IResourceListener.onResourceRequested()]
 INFO [org.apache.wicket.Application] [WicketTesterApplication-54494791-7930-43df-8ce4-c6da15cb54f7] init: Wicket extensions initializer
 INFO [org.apache.wicket.Application] [WicketTesterApplication-54494791-7930-43df-8ce4-c6da15cb54f7] init: Wicket core library initializer
 INFO [org.apache.wicket.RequestListenerInterface] registered listener interface [RequestListenerInterface name=IBehaviorListener, method=public abstract void org.apache.wicket.behavior.IBehaviorListener.onRequest()]
 INFO [org.apache.wicket.RequestListenerInterface] registered listener interface [RequestListenerInterface name=IFormSubmitListener, method=public abstract void org.apache.wicket.markup.html.form.IFormSubmitListener.onFormSubmitted()]
 INFO [org.apache.wicket.RequestListenerInterface] registered listener interface [RequestListenerInterface name=ILinkListener, method=public abstract void org.apache.wicket.markup.html.link.ILinkListener.onLinkClicked()]
 INFO [org.apache.wicket.RequestListenerInterface] registered listener interface [RequestListenerInterface name=IOnChangeListener, method=public abstract void org.apache.wicket.markup.html.form.IOnChangeListener.onSelectionChanged()]
 INFO [org.apache.wicket.RequestListenerInterface] registered listener interface [RequestListenerInterface name=IRedirectListener, method=public abstract void org.apache.wicket.IRedirectListener.onRedirect()]
 INFO [org.apache.wicket.RequestListenerInterface] registered listener interface [RequestListenerInterface name=IResourceListener, method=public abstract void org.apache.wicket.IResourceListener.onResourceRequested()]
 INFO [org.apache.wicket.Application] [WicketTesterApplication-7217ba36-f2cc-4b1a-a8ac-d5e52b04055b] init: Wicket extensions initializer
 INFO [org.apache.wicket.Application] [WicketTesterApplication-7217ba36-f2cc-4b1a-a8ac-d5e52b04055b] init: Wicket core library initializer
 INFO [org.apache.wicket.RequestListenerInterface] registered listener interface [RequestListenerInterface name=IBehaviorListener, method=public abstract void org.apache.wicket.behavior.IBehaviorListener.onRequest()]
 INFO [org.apache.wicket.RequestListenerInterface] registered listener interface [RequestListenerInterface name=IBehaviorListener, method=public abstract void org.apache.wicket.behavior.IBehaviorListener.onRequest()]
 INFO [org.apache.wicket.RequestListenerInterface] registered listener interface [RequestListenerInterface name=IFormSubmitListener, method=public abstract void org.apache.wicket.markup.html.form.IFormSubmitListener.onFormSubmitted()]
 INFO [org.apache.wicket.RequestListenerInterface] registered listener interface [RequestListenerInterface name=IFormSubmitListener, method=public abstract void org.apache.wicket.markup.html.form.IFormSubmitListener.onFormSubmitted()]
 INFO [org.apache.wicket.RequestListenerInterface] registered listener interface [RequestListenerInterface name=ILinkListener, method=public abstract void org.apache.wicket.markup.html.link.ILinkListener.onLinkClicked()]
 INFO [org.apache.wicket.RequestListenerInterface] registered listener interface [RequestListenerInterface name=ILinkListener, method=public abstract void org.apache.wicket.markup.html.link.ILinkListener.onLinkClicked()]
 INFO [org.apache.wicket.RequestListenerInterface] registered listener interface [RequestListenerInterface name=IOnChangeListener, method=public abstract void org.apache.wicket.markup.html.form.IOnChangeListener.onSelectionChanged()]
 INFO [org.apache.wicket.RequestListenerInterface] registered listener interface [RequestListenerInterface name=IOnChangeListener, method=public abstract void org.apache.wicket.markup.html.form.IOnChangeListener.onSelectionChanged()]
 INFO [org.apache.wicket.RequestListenerInterface] registered listener interface [RequestListenerInterface name=IRedirectListener, method=public abstract void org.apache.wicket.IRedirectListener.onRedirect()]
 INFO [org.apache.wicket.RequestListenerInterface] registered listener interface [RequestListenerInterface name=IRedirectListener, method=public abstract void org.apache.wicket.IRedirectListener.onRedirect()]
 INFO [org.apache.wicket.RequestListenerInterface] registered listener interface [RequestListenerInterface name=IResourceListener, method=public abstract void org.apache.wicket.IResourceListener.onResourceRequested()]
 INFO [org.apache.wicket.RequestListenerInterface] registered listener interface [RequestListenerInterface name=IResourceListener, method=public abstract void org.apache.wicket.IResourceListener.onResourceRequested()]
 INFO [org.apache.wicket.Application] [WicketTesterApplication-1e6d905a-7552-4621-98d7-e152b33db457] init: Wicket extensions initializer
 INFO [org.apache.wicket.Application] [WicketTesterApplication-1e6d905a-7552-4621-98d7-e152b33db457] init: Wicket core library initializer
 INFO [org.apache.wicket.RequestListenerInterface] registered listener interface [RequestListenerInterface name=IBehaviorListener, method=public abstract void org.apache.wicket.behavior.IBehaviorListener.onRequest()]
 INFO [org.apache.wicket.RequestListenerInterface] registered listener interface [RequestListenerInterface name=IFormSubmitListener, method=public abstract void org.apache.wicket.markup.html.form.IFormSubmitListener.onFormSubmitted()]
 INFO [org.apache.wicket.RequestListenerInterface] registered listener interface [RequestListenerInterface name=ILinkListener, method=public abstract void org.apache.wicket.markup.html.link.ILinkListener.onLinkClicked()]
 INFO [org.apache.wicket.RequestListenerInterface] registered listener interface [RequestListenerInterface name=IOnChangeListener, method=public abstract void org.apache.wicket.markup.html.form.IOnChangeListener.onSelectionChanged()]
 INFO [org.apache.wicket.RequestListenerInterface] registered listener interface [RequestListenerInterface name=IRedirectListener, method=public abstract void org.apache.wicket.IRedirectListener.onRedirect()]
 INFO [org.apache.wicket.RequestListenerInterface] registered listener interface [RequestListenerInterface name=IResourceListener, method=public abstract void org.apache.wicket.IResourceListener.onResourceRequested()]
 INFO [org.apache.wicket.Application] [WicketTesterApplication-e5ae0270-aabd-41b8-b1ab-aa74297a013c] init: Wicket extensions initializer
 INFO [org.apache.wicket.Application] [WicketTesterApplication-e5ae0270-aabd-41b8-b1ab-aa74297a013c] init: Wicket core library initializer
 INFO [org.apache.wicket.RequestListenerInterface] registered listener interface [RequestListenerInterface name=IBehaviorListener, method=public abstract void org.apache.wicket.behavior.IBehaviorListener.onRequest()]
 INFO [org.apache.wicket.RequestListenerInterface] registered listener interface [RequestListenerInterface name=IFormSubmitListener, method=public abstract void org.apache.wicket.markup.html.form.IFormSubmitListener.onFormSubmitted()]
 INFO [org.apache.wicket.RequestListenerInterface] registered listener interface [RequestListenerInterface name=ILinkListener, method=public abstract void org.apache.wicket.markup.html.link.ILinkListener.onLinkClicked()]
 INFO [org.apache.wicket.RequestListenerInterface] registered listener interface [RequestListenerInterface name=IOnChangeListener, method=public abstract void org.apache.wicket.markup.html.form.IOnChangeListener.onSelectionChanged()]
 INFO [org.apache.wicket.RequestListenerInterface] registered listener interface [RequestListenerInterface name=IRedirectListener, method=public abstract void org.apache.wicket.IRedirectListener.onRedirect()]
 INFO [org.apache.wicket.RequestListenerInterface] registered listener interface [RequestListenerInterface name=IResourceListener, method=public abstract void org.apache.wicket.IResourceListener.onResourceRequested()]
